<?xml version="1.0" encoding="UTF-8"?>
<testng-results ignored="0" total="1" passed="1" failed="0" skipped="0">
  <reporter-output>
    <line>
      <![CDATA[HomePage-HOverover on Account and list->click on Sigin]]>
    </line>
    <line>
      <![CDATA[Entered the UN]]>
    </line>
    <line>
      <![CDATA[Entered the Password]]>
    </line>
    <line>
      <![CDATA[Login is Successful]]>
    </line>
    <line>
      <![CDATA[Listner Logic is started Executig]]>
    </line>
    <line>
      <![CDATA[Screenshot was taken successfully]]>
    </line>
  </reporter-output>
  <suite started-at="2025-10-15T19:41:49 IST" name="Default suite" finished-at="2025-10-15T19:42:10 IST" duration-ms="20453">
    <groups>
    </groups>
    <test started-at="2025-10-15T19:41:49 IST" name="Default test" finished-at="2025-10-15T19:42:10 IST" duration-ms="20453">
      <class name="amazon.AmazonToLogin">
        <test-method is-config="true" signature="launchBrowser()[pri:0, instance:amazon.AmazonToLogin@175c2241]" started-at="2025-10-15T19:41:49 IST" name="launchBrowser" finished-at="2025-10-15T19:41:53 IST" duration-ms="3853" status="PASS">
          <reporter-output>
          </reporter-output>
        </test-method> <!-- launchBrowser -->
        <test-method signature="withValidCred()[pri:0, instance:amazon.AmazonToLogin@175c2241]" started-at="2025-10-15T19:41:53 IST" name="withValidCred" finished-at="2025-10-15T19:42:09 IST" duration-ms="15844" status="PASS">
          <reporter-output>
            <line>
              <![CDATA[HomePage-HOverover on Account and list->click on Sigin]]>
            </line>
            <line>
              <![CDATA[Entered the UN]]>
            </line>
            <line>
              <![CDATA[Entered the Password]]>
            </line>
            <line>
              <![CDATA[Login is Successful]]>
            </line>
            <line>
              <![CDATA[Listner Logic is started Executig]]>
            </line>
            <line>
              <![CDATA[Screenshot was taken successfully]]>
            </line>
          </reporter-output>
        </test-method> <!-- withValidCred -->
        <test-method is-config="true" signature="closeBrowser()[pri:0, instance:amazon.AmazonToLogin@175c2241]" started-at="2025-10-15T19:42:10 IST" name="closeBrowser" finished-at="2025-10-15T19:42:10 IST" duration-ms="1" status="PASS">
          <reporter-output>
          </reporter-output>
        </test-method> <!-- closeBrowser -->
      </class> <!-- amazon.AmazonToLogin -->
    </test> <!-- Default test -->
  </suite> <!-- Default suite -->
</testng-results>
