<?xml version="1.0" encoding="UTF-8"?>
<testng-results ignored="0" total="1" passed="1" failed="0" skipped="0">
  <reporter-output>
    <line>
      <![CDATA[HomePage-HOverover on Account and list->click on Sigin]]>
    </line>
    <line>
      <![CDATA[Entered the UN]]>
    </line>
    <line>
      <![CDATA[Entered the Password]]>
    </line>
    <line>
      <![CDATA[Hoverover Account and List]]>
    </line>
    <line>
      <![CDATA[SIgnout from AMazon]]>
    </line>
    <line>
      <![CDATA[Test Passed: withValidCred]]>
    </line>
    <line>
      <![CDATA[Screenshot saved to: C:\D_DriveFolder\Vihari\Automation_2025\GroTechMind_25\eclipse_WS_pom\GroTechMindPom\screenshots\Pass\withValidCred_20251022_185137.png]]>
    </line>
  </reporter-output>
  <suite started-at="2025-10-22T18:51:10 IST" name="Default suite" finished-at="2025-10-22T18:51:37 IST" duration-ms="27564">
    <groups>
    </groups>
    <test started-at="2025-10-22T18:51:10 IST" name="Default test" finished-at="2025-10-22T18:51:37 IST" duration-ms="27564">
      <class name="amazon.AmazonLoginAndLogOut">
        <test-method is-config="true" signature="launchBrowser()[pri:0, instance:amazon.AmazonLoginAndLogOut@206a70ef]" started-at="2025-10-22T18:51:10 IST" name="launchBrowser" finished-at="2025-10-22T18:51:13 IST" duration-ms="3444" status="PASS">
          <reporter-output>
          </reporter-output>
        </test-method> <!-- launchBrowser -->
        <test-method signature="withValidCred()[pri:0, instance:amazon.AmazonLoginAndLogOut@206a70ef]" started-at="2025-10-22T18:51:13 IST" name="withValidCred" finished-at="2025-10-22T18:51:36 IST" duration-ms="23119" status="PASS">
          <reporter-output>
            <line>
              <![CDATA[HomePage-HOverover on Account and list->click on Sigin]]>
            </line>
            <line>
              <![CDATA[Entered the UN]]>
            </line>
            <line>
              <![CDATA[Entered the Password]]>
            </line>
            <line>
              <![CDATA[Hoverover Account and List]]>
            </line>
            <line>
              <![CDATA[SIgnout from AMazon]]>
            </line>
            <line>
              <![CDATA[Test Passed: withValidCred]]>
            </line>
            <line>
              <![CDATA[Screenshot saved to: C:\D_DriveFolder\Vihari\Automation_2025\GroTechMind_25\eclipse_WS_pom\GroTechMindPom\screenshots\Pass\withValidCred_20251022_185137.png]]>
            </line>
          </reporter-output>
        </test-method> <!-- withValidCred -->
        <test-method is-config="true" signature="closeBrowser()[pri:0, instance:amazon.AmazonLoginAndLogOut@206a70ef]" started-at="2025-10-22T18:51:37 IST" name="closeBrowser" finished-at="2025-10-22T18:51:37 IST" duration-ms="539" status="PASS">
          <reporter-output>
          </reporter-output>
        </test-method> <!-- closeBrowser -->
      </class> <!-- amazon.AmazonLoginAndLogOut -->
    </test> <!-- Default test -->
  </suite> <!-- Default suite -->
</testng-results>
